<?xml version="1.0" encoding="UTF-8"?>
<!-- Generated by org.testng.reporters.JUnitReportReporter -->
<testsuite hostname="DESKTOP-T6L47BI" failures="0" tests="4" name="function.A_testClassDelte" time="353.628" errors="0" timestamp="2025-07-11T16:11:10 IST" skipped="0">
  <testcase classname="function.A_testClassDelte" name="deleteAlarmLoop" time="79.579">
    <system-out>
      <![CDATA[ 
The process of delete resource is started.
The process of delete alarm loop is complete.
 ]]>
    </system-out>
  </testcase> <!-- deleteAlarmLoop -->
  <testcase classname="function.A_testClassDelte" name="deleteResource" time="73.425">
    <system-out>
      <![CDATA[ 
The process of delete alarm resource is started.
The process of delete alarm resource is complete.
 ]]>
    </system-out>
  </testcase> <!-- deleteResource -->
  <testcase classname="function.A_testClassDelte" name="deleteAlarmTemplate" time="79.513">
    <system-out>
      <![CDATA[ 
The process of delete alarm template is started.
The process of delete alarm template is complete.
 ]]>
    </system-out>
  </testcase> <!-- deleteAlarmTemplate -->
  <testcase classname="function.A_testClassDelte" name="deleteManualAlarm" time="121.111">
    <system-out>
      <![CDATA[ 
The process of delete manual alarm is started.
The process of delete manual alarm is complete.
 ]]>
    </system-out>
  </testcase> <!-- deleteManualAlarm -->
  <system-out>
    <![CDATA[Well come to RETTERAlarm Live branch
Logged in user-6039-DE-andrew-deptu-2
 
The process of delete manual alarm is started.
The process of delete manual alarm is complete.
 
|*******************************************************|
 
The process of delete alarm resource is started.
The process of delete alarm resource is complete.
 
|*******************************************************|
 
The process of delete resource is started.
The process of delete alarm loop is complete.
 
|*******************************************************|
 
The process of delete alarm template is started.
The process of delete alarm template is complete.
 
|*******************************************************|
Logout sucessfully.
 
Refresh the URL before successfully closing the browser.
Browser close sucessfully.
 
Good to see you again.]]>
  </system-out>
</testsuite> <!-- function.A_testClassDelte -->
