<?xml version="1.0" encoding="UTF-8"?>
<!-- Generated by org.testng.reporters.JUnitReportReporter -->
<testsuite hostname="DESKTOP-T6L47BI" failures="0" tests="3" name="function.A_testClassCreate" time="190.186" errors="0" timestamp="2025-06-06T11:42:21 IST" skipped="0">
  <testcase classname="function.A_testClassCreate" name="manualAlarmByResourceMs" time="59.988">
    <system-out>
      <![CDATA[ 
The process of creating a manual alarm by resource is started.
The process of creating a manual alarm by resource is complete.
 ]]>
    </system-out>
  </testcase> <!-- manualAlarmByResourceMs -->
  <testcase classname="function.A_testClassCreate" name="manualAlarmByTemplate" time="58.094">
    <system-out>
      <![CDATA[ 
The process of creating a manual alarm by template is started.
The process of creating a manual alarm by template is complete.
 ]]>
    </system-out>
  </testcase> <!-- manualAlarmByTemplate -->
  <testcase classname="function.A_testClassCreate" name="createNewAlarmTemplateByFirefighter" time="72.104">
    <system-out>
      <![CDATA[ 
The process of creating new alarm template by fire fighter is started.
The process of creating new alarm template by fire fighter is complete.
 ]]>
    </system-out>
  </testcase> <!-- createNewAlarmTemplateByFirefighter -->
  <system-out>
    <![CDATA[Well come to RETTERAlarm Live branch
Logged in user-6039-DE-andrew-deptu-2
 
The process of creating a manual alarm by resource is started.
The process of creating a manual alarm by resource is complete.
 
 
The process of creating new alarm template by fire fighter is started.
The process of creating new alarm template by fire fighter is complete.
 
 
The process of creating a manual alarm by template is started.
The process of creating a manual alarm by template is complete.
 
Logout sucessfully.
 
Refresh the URL before successfully closing the browser.
Browser close sucessfully.
 
Good to see you again.]]>
  </system-out>
</testsuite> <!-- function.A_testClassCreate -->
