<?xml version="1.0" encoding="UTF-8"?>
<!-- Generated by org.testng.reporters.JUnitReportReporter -->
<testsuite hostname="DESKTOP-T6L47BI" failures="0" tests="5" name="function.A_testClassDelte" time="461.166" errors="0" timestamp="2025-10-23T17:49:30 IST" skipped="0">
  <testcase classname="function.A_testClassDelte" name="deleteAlarmTemplate" time="77.688">
    <system-out>
      <![CDATA[ 
The process of delete alarm template is started.
The process of delete alarm template is complete.
 ]]>
    </system-out>
  </testcase> <!-- deleteAlarmTemplate -->
  <testcase classname="function.A_testClassDelte" name="deleteManualAlarm" time="160.865">
    <system-out>
      <![CDATA[ 
The process of delete manual alarm is started.
The process of delete manual alarm is complete.
 ]]>
    </system-out>
  </testcase> <!-- deleteManualAlarm -->
  <testcase classname="function.A_testClassDelte" name="deleteAlarmEscalation" time="67.501">
    <system-out>
      <![CDATA[ 
The process of delete AlarmEscalation is started.
The process of delete AlarmEscalation is complete.
 ]]>
    </system-out>
  </testcase> <!-- deleteAlarmEscalation -->
  <testcase classname="function.A_testClassDelte" name="deleteResource" time="74.481">
    <system-out>
      <![CDATA[ 
The process of delete alarm resource is started.
The process of delete alarm resource is complete.
 ]]>
    </system-out>
  </testcase> <!-- deleteResource -->
  <testcase classname="function.A_testClassDelte" name="deleteAlarmLoop" time="80.631">
    <system-out>
      <![CDATA[ 
The process of delete resource is started.
The process of delete alarm loop is complete.
 ]]>
    </system-out>
  </testcase> <!-- deleteAlarmLoop -->
  <system-out>
    <![CDATA[Well come to RETTERAlarm Live branch
Logged in user-6039-DE-andrew-deptu-2
 
The process of delete manual alarm is started.
The process of delete manual alarm is complete.
 
|*******************************************************|
 
The process of delete AlarmEscalation is started.
The process of delete AlarmEscalation is complete.
 
|*******************************************************|
 
The process of delete alarm resource is started.
The process of delete alarm resource is complete.
 
|*******************************************************|
 
The process of delete resource is started.
The process of delete alarm loop is complete.
 
|*******************************************************|
 
The process of delete alarm template is started.
The process of delete alarm template is complete.
 
|*******************************************************|
Logout sucessfully.
 
Refresh the URL before successfully closing the browser.
Browser close sucessfully.
 
Good to see you again.]]>
  </system-out>
</testsuite> <!-- function.A_testClassDelte -->
