<?xml version="1.0" encoding="UTF-8"?>
<!-- Generated by org.testng.reporters.JUnitReportReporter -->
<testsuite hostname="DESKTOP-T6L47BI" failures="0" tests="18" name="function.A_testClassCreate" time="1167.281" errors="0" timestamp="2025-07-25T11:49:46 IST" skipped="0">
  <testcase classname="function.A_testClassCreate" name="createNewAlarmTemplateByResource" time="59.881">
    <system-out>
      <![CDATA[ 
The process of creating new alarm template by resource is started.
The process of creating new alarm template by resource is complete.
 ]]>
    </system-out>
  </testcase> <!-- createNewAlarmTemplateByResource -->
  <testcase classname="function.A_testClassCreate" name="manualAlarmByResourceMs" time="56.718">
    <system-out>
      <![CDATA[ 
The process of creating a manual alarm by resource is started.
The process of creating a manual alarm by resource is complete.
 ]]>
    </system-out>
  </testcase> <!-- manualAlarmByResourceMs -->
  <testcase classname="function.A_testClassCreate" name="manualAlarmByNewTemplate" time="61.796">
    <system-out>
      <![CDATA[ 
The process of creating a manual alarm by new template is started.
The process of creating a manual alarm by new template is complete.
 ]]>
    </system-out>
  </testcase> <!-- manualAlarmByNewTemplate -->
  <testcase classname="function.A_testClassCreate" name="manualaByAttributeMSLP" time="64.761">
    <system-out>
      <![CDATA[ 
The process of creating a low priority multi station manual alarm by attribute  is started.
The process of creating a low priority multi station manual alarm by attribute is complete.
 ]]>
    </system-out>
  </testcase> <!-- manualaByAttributeMSLP -->
  <testcase classname="function.A_testClassCreate" name="createNewAlarmTemplateByFirefighter" time="71.152">
    <system-out>
      <![CDATA[ 
The process of creating new alarm template by fire fighter is started.
The process of creating new alarm template by fire fighter is complete.
 ]]>
    </system-out>
  </testcase> <!-- createNewAlarmTemplateByFirefighter -->
  <testcase classname="function.A_testClassCreate" name="createNewResource" time="59.335">
    <system-out>
      <![CDATA[ 
The process of creating new alarm resource is started.
The process of creating new alarm resource is complete.
 ]]>
    </system-out>
  </testcase> <!-- createNewResource -->
  <testcase classname="function.A_testClassCreate" name="sendMessageToNewApiAlarmUser" time="102.586">
    <system-out>
      <![CDATA[ 
The process of send message to new api alarm user is started.
image attached properly
pdf attached properly
word file attached properly
The process of send message to new api alarm user is complete.
 ]]>
    </system-out>
  </testcase> <!-- sendMessageToNewApiAlarmUser -->
  <testcase classname="function.A_testClassCreate" name="sendMessageToOldApiAlarmUser" time="58.750">
    <system-out>
      <![CDATA[ 
The process of send message to old api alarm user is started.
The process of send message to old api alarm user is complete.
 ]]>
    </system-out>
  </testcase> <!-- sendMessageToOldApiAlarmUser -->
  <testcase classname="function.A_testClassCreate" name="manualAlarmByTemplate" time="57.720">
    <system-out>
      <![CDATA[ 
The process of creating a manual alarm by template is started.
The process of creating a manual alarm by template is complete.
 ]]>
    </system-out>
  </testcase> <!-- manualAlarmByTemplate -->
  <testcase classname="function.A_testClassCreate" name="manualAlarmByNewREsource" time="52.660">
    <system-out>
      <![CDATA[ 
The process of creating a manual alarm by new resource  is started.
The process of creating a manual alarm by new resource is complete.
 ]]>
    </system-out>
  </testcase> <!-- manualAlarmByNewREsource -->
  <testcase classname="function.A_testClassCreate" name="manualaByAttributeSingleStation" time="71.996">
    <system-out>
      <![CDATA[ 
The process of creating a manual alarm by attribute  is started.
The process of creating a manual alarm by attribute is complete.
 ]]>
    </system-out>
  </testcase> <!-- manualaByAttributeSingleStation -->
  <testcase classname="function.A_testClassCreate" name="createNewAlarmTemplateByAttribute" time="67.818">
    <system-out>
      <![CDATA[ 
The process of creating new alarm template by attribute is started.
The process of creating new alarm template by attribute is complete.
 ]]>
    </system-out>
  </testcase> <!-- createNewAlarmTemplateByAttribute -->
  <testcase classname="function.A_testClassCreate" name="manualAlarmByFirefighterMs" time="78.065">
    <system-out>
      <![CDATA[ 
The process of creating a manual alarm by firefighter is started.
The process of creating a manual alarm by firefighter is complete.
 ]]>
    </system-out>
  </testcase> <!-- manualAlarmByFirefighterMs -->
  <testcase classname="function.A_testClassCreate" name="sendMessageToManualAlarmUser" time="58.246">
    <system-out>
      <![CDATA[ 
The process of send message to manual alarm user is started.
The process of send message to manual alarm user is complete.
 ]]>
    </system-out>
  </testcase> <!-- sendMessageToManualAlarmUser -->
  <testcase classname="function.A_testClassCreate" name="manualAlarmByEscResourceSingleStation" time="57.471">
    <system-out>
      <![CDATA[ 
The process of creating a manual alarm by escaltion resource-single station is started.
The process of creating a manual alarm by escaltion resource-single station is complete.
 ]]>
    </system-out>
  </testcase> <!-- manualAlarmByEscResourceSingleStation -->
  <testcase classname="function.A_testClassCreate" name="createNewAlarmLoop" time="50.379">
    <system-out>
      <![CDATA[ 
The process of creating new alarm loop is started.
The process of creating new alarm loop is is complete.
 ]]>
    </system-out>
  </testcase> <!-- createNewAlarmLoop -->
  <testcase classname="function.A_testClassCreate" name="manualaByAttributeExtend1StStResource" time="82.640">
    <system-out>
      <![CDATA[ 
The process of creating a manual alarm by attribute st2 and extend to st1 by resource is started.
The process of creating a manual alarm by attribute st2 and extend to st1 by resource is complete.
 ]]>
    </system-out>
  </testcase> <!-- manualaByAttributeExtend1StStResource -->
  <testcase classname="function.A_testClassCreate" name="manualAlarmByEscResourceMs" time="55.307">
    <system-out>
      <![CDATA[ 
The process of creating a manual alarm by escaltion resource-multi station is started.
The process of creating a manual alarm by escaltion resource-multi station is complete.
 ]]>
    </system-out>
  </testcase> <!-- manualAlarmByEscResourceMs -->
  <system-out>
    <![CDATA[Well come to RETTERAlarm Live branch
Logged in user-6039-DE-andrew-deptu-2
|*******************************************************|
 
The process of send message to new api alarm user is started.
image attached properly
pdf attached properly
word file attached properly
The process of send message to new api alarm user is complete.
 
|*******************************************************|
 
The process of send message to old api alarm user is started.
The process of send message to old api alarm user is complete.
 
|*******************************************************|
 
The process of creating a manual alarm by attribute  is started.
The process of creating a manual alarm by attribute is complete.
 
|*******************************************************|
 
The process of creating a manual alarm by resource is started.
The process of creating a manual alarm by resource is complete.
 
|*******************************************************|
 
The process of creating a manual alarm by firefighter is started.
The process of creating a manual alarm by firefighter is complete.
 
|*******************************************************|
 
The process of creating a low priority multi station manual alarm by attribute  is started.
The process of creating a low priority multi station manual alarm by attribute is complete.
 
|*******************************************************|
 
The process of creating a manual alarm by escaltion resource-single station is started.
The process of creating a manual alarm by escaltion resource-single station is complete.
 
|*******************************************************|
 
The process of creating a manual alarm by escaltion resource-multi station is started.
The process of creating a manual alarm by escaltion resource-multi station is complete.
 
|*******************************************************|
 
The process of creating a manual alarm by attribute st2 and extend to st1 by resource is started.
The process of creating a manual alarm by attribute st2 and extend to st1 by resource is complete.
 
|*******************************************************|
 
The process of creating a manual alarm by template is started.
The process of creating a manual alarm by template is complete.
 
|*******************************************************|
 
The process of send message to manual alarm user is started.
The process of send message to manual alarm user is complete.
 
|*******************************************************|
 
The process of creating new alarm template by attribute is started.
The process of creating new alarm template by attribute is complete.
 
|*******************************************************|
 
The process of creating a manual alarm by new template is started.
The process of creating a manual alarm by new template is complete.
 
|*******************************************************|
 
The process of creating new alarm resource is started.
The process of creating new alarm resource is complete.
 
|*******************************************************|
 
The process of creating a manual alarm by new resource  is started.
The process of creating a manual alarm by new resource is complete.
 
|*******************************************************|
 
The process of creating new alarm template by resource is started.
The process of creating new alarm template by resource is complete.
 
|*******************************************************|
 
The process of creating new alarm template by fire fighter is started.
The process of creating new alarm template by fire fighter is complete.
 
|*******************************************************|
 
The process of creating new alarm loop is started.
The process of creating new alarm loop is is complete.
 
Logout sucessfully.
 
Refresh the URL before successfully closing the browser.
Browser close sucessfully.
 
Good to see you again.]]>
  </system-out>
</testsuite> <!-- function.A_testClassCreate -->
