<?xml version="1.0" encoding="UTF-8"?>
<!-- Generated by org.testng.reporters.JUnitReportReporter -->
<testsuite hostname="DESKTOP-T6L47BI" failures="0" tests="1" name="function.A_testClassDelte" time="278.301" errors="0" timestamp="2025-05-26T16:51:27 IST" skipped="0">
  <testcase classname="function.A_testClassDelte" name="deleteManualAlarm" time="278.301">
    <system-out>
      <![CDATA[ 
The process of delete manual alarm is started.
The process of delete manual alarm is complete.
 ]]>
    </system-out>
  </testcase> <!-- deleteManualAlarm -->
  <system-out>
    <![CDATA[Well come to RETTERAlarm Live branch
Logged in user-6039-DE-andrew-deptu-2
 
The process of delete manual alarm is started.
The process of delete manual alarm is complete.
 
Logout sucessfully.
 
Refresh the URL before successfully closing the browser.
Browser close sucessfully.
 
Good to see you again.]]>
  </system-out>
</testsuite> <!-- function.A_testClassDelte -->
