<?xml version="1.0" encoding="UTF-8"?>
<!-- Generated by org.testng.reporters.JUnitReportReporter -->
<testsuite hostname="DESKTOP-T6L47BI" failures="0" tests="2" name="function.A_testClassCreate" time="197.173" errors="0" timestamp="2025-07-15T12:45:11 IST" skipped="0">
  <testcase classname="function.A_testClassCreate" name="sendMessageToOldApiAlarmUser" time="65.842">
    <system-out>
      <![CDATA[ 
The process of send message to old api alarm user is started.
The process of send message to old api alarm user is complete.
 ]]>
    </system-out>
  </testcase> <!-- sendMessageToOldApiAlarmUser -->
  <testcase classname="function.A_testClassCreate" name="sendMessageToNewApiAlarmUser" time="131.331">
    <system-out>
      <![CDATA[ 
The process of send message to new api alarm user is started.
image attached properly
pdf attached properly
word file attached properly
The process of send message to new api alarm user is complete.
 ]]>
    </system-out>
  </testcase> <!-- sendMessageToNewApiAlarmUser -->
  <system-out>
    <![CDATA[Well come to RETTERAlarm Live branch
Logged in user-6039-DE-andrew-deptu-2
|*******************************************************|
 
The process of send message to old api alarm user is started.
The process of send message to old api alarm user is complete.
 
|*******************************************************|
 
The process of send message to new api alarm user is started.
image attached properly
pdf attached properly
word file attached properly
The process of send message to new api alarm user is complete.
 
Logout sucessfully.
 
Refresh the URL before successfully closing the browser.
Browser close sucessfully.
 
Good to see you again.]]>
  </system-out>
</testsuite> <!-- function.A_testClassCreate -->
